[debug] [2023-02-28T18:28:40.038Z] ----------------------------------------------------------------------
[debug] [2023-02-28T18:28:40.041Z] Command:       C:\Program Files\nodejs\node.exe C:\Users\tripl\AppData\Roaming\npm\node_modules\firebase-tools\lib\bin\firebase.js init
[debug] [2023-02-28T18:28:40.042Z] CLI Version:   11.24.0
[debug] [2023-02-28T18:28:40.042Z] Platform:      win32
[debug] [2023-02-28T18:28:40.042Z] Node Version:  v18.12.1
[debug] [2023-02-28T18:28:40.046Z] Time:          Tue Feb 28 2023 12:28:40 GMT-0600 (hora estándar central)
[debug] [2023-02-28T18:28:40.047Z] ----------------------------------------------------------------------
[debug] 
[debug] [2023-02-28T18:28:40.053Z] > command requires scopes: ["email","openid","https://www.googleapis.com/auth/cloudplatformprojects.readonly","https://www.googleapis.com/auth/firebase","https://www.googleapis.com/auth/cloud-platform"]
[debug] [2023-02-28T18:28:40.054Z] > authorizing via signed-in user (developer@hellomexico.mx)
[info] 
     ######## #### ########  ######## ########     ###     ######  ########
     ##        ##  ##     ## ##       ##     ##  ##   ##  ##       ##
     ######    ##  ########  ######   ########  #########  ######  ######
     ##        ##  ##    ##  ##       ##     ## ##     ##       ## ##
     ##       #### ##     ## ######## ########  ##     ##  ######  ########

You're about to initialize a Firebase project in this directory:

  C:\Users\tripl\Documents\Desarrollo\HelloMexico\Ferring\intestinoLimpio

[info] 
=== Project Setup
[info] 
[info] First, let's associate this project directory with a Firebase project.
[info] You can create multiple project aliases by running firebase use --add, 
[info] but for now we'll just set up a default project.
[info] 
[debug] [2023-02-28T18:30:03.132Z] >>> [apiv2][query] GET https://firebase.googleapis.com/v1beta1/projects pageSize=100
[debug] [2023-02-28T18:30:03.690Z] <<< [apiv2][status] GET https://firebase.googleapis.com/v1beta1/projects 200
[debug] [2023-02-28T18:30:03.690Z] <<< [apiv2][body] GET https://firebase.googleapis.com/v1beta1/projects [omitted]
[info] i  Using project intestino-limpio-test (Intestino Limpio Test) 
[info] 
=== Hosting Setup
[info] 
[info] Your public directory is the folder (relative to your project directory) that
[info] will contain Hosting assets to be uploaded with firebase deploy. If you
[info] have a build process for your assets, use your build's output directory.
[info] 
[info] +  Wrote .//404.html 
[debug] [2023-02-28T18:31:17.888Z] >>> [apiv2][query] GET https://www.gstatic.com/firebasejs/releases.json [none]
[debug] [2023-02-28T18:31:18.056Z] <<< [apiv2][status] GET https://www.gstatic.com/firebasejs/releases.json 200
[debug] [2023-02-28T18:31:18.056Z] <<< [apiv2][body] GET https://www.gstatic.com/firebasejs/releases.json {"current":{"version":"9.17.1","browserURL":"https://www.gstatic.com/firebasejs/9.17.1/firebase.js","packageURL":"https://www.gstatic.com/firebasejs/9.17.1/firebase.tgz"},"live":{"version":"9.17","browserURL":"https://www.gstatic.com/firebasejs/live/9.17/firebase.js","packageURL":"https://www.gstatic.com/firebasejs/live/9.17/firebase.tgz"},"components":{"analytics":"https://www.gstatic.com/firebasejs/9.17.1/firebase-analytics.js","app":"https://www.gstatic.com/firebasejs/9.17.1/firebase-app.js","app-check":"https://www.gstatic.com/firebasejs/9.17.1/firebase-app-check.js","auth":"https://www.gstatic.com/firebasejs/9.17.1/firebase-auth.js","auth/cordova":"https://www.gstatic.com/firebasejs/9.17.1/firebase-auth/cordova.js","auth/react-native":"https://www.gstatic.com/firebasejs/9.17.1/firebase-auth/react-native.js","functions":"https://www.gstatic.com/firebasejs/9.17.1/firebase-functions.js","firestore":"https://www.gstatic.com/firebasejs/9.17.1/firebase-firestore.js","firestore/lite":"https://www.gstatic.com/firebasejs/9.17.1/firebase-firestore/lite.js","installations":"https://www.gstatic.com/firebasejs/9.17.1/firebase-installations.js","storage":"https://www.gstatic.com/firebasejs/9.17.1/firebase-storage.js","performance":"https://www.gstatic.com/firebasejs/9.17.1/firebase-performance.js","remote-config":"https://www.gstatic.com/firebasejs/9.17.1/firebase-remote-config.js","messaging":"https://www.gstatic.com/firebasejs/9.17.1/firebase-messaging.js","messaging/sw":"https://www.gstatic.com/firebasejs/9.17.1/firebase-messaging/sw.js","database":"https://www.gstatic.com/firebasejs/9.17.1/firebase-database.js","firestore.memory":"https://www.gstatic.com/firebasejs/9.17.1/firebase-firestore.memory.js"}}
[info] i  Skipping write of .//index.html 
[info] 
[info] i  Didn't detect a .git folder. Assuming C:\Users\tripl\Documents\Desarrollo\HelloMexico\Ferring\intestinoLimpio is the project root. 
[info] i  Authorizing with GitHub to upload your service account to a GitHub repository's secrets store. 
[info] 
[info] Visit this URL on this device to log in:
[info] https://github.com/login/oauth/authorize?client_id=89cf50f02ac6aaed3484&state=639474991&redirect_uri=http%3A%2F%2Flocalhost%3A9005&scope=read%3Auser%20repo%20public_repo
[info] 
[info] Waiting for authentication...
[debug] [2023-02-28T18:32:55.586Z] >>> [apiv2][query] POST https://github.com/login/oauth/access_token [none]
[debug] [2023-02-28T18:32:55.587Z] >>> [apiv2][body] POST https://github.com/login/oauth/access_token [stream]
[debug] [2023-02-28T18:32:55.961Z] <<< [apiv2][status] POST https://github.com/login/oauth/access_token 200
[debug] [2023-02-28T18:32:55.962Z] <<< [apiv2][body] POST https://github.com/login/oauth/access_token {"access_token":"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","token_type":"bearer","scope":"read:user,repo"}
[debug] [2023-02-28T18:32:55.965Z] >>> [apiv2][query] GET https://api.github.com/user [none]
[debug] [2023-02-28T18:32:56.459Z] <<< [apiv2][status] GET https://api.github.com/user 200
[debug] [2023-02-28T18:32:56.459Z] <<< [apiv2][body] GET https://api.github.com/user {"login":"HelloMexico","id":124012474,"node_id":"U_kgDOB2RHug","avatar_url":"https://avatars.githubusercontent.com/u/124012474?v=4","gravatar_id":"","url":"https://api.github.com/users/HelloMexico","html_url":"https://github.com/HelloMexico","followers_url":"https://api.github.com/users/HelloMexico/followers","following_url":"https://api.github.com/users/HelloMexico/following{/other_user}","gists_url":"https://api.github.com/users/HelloMexico/gists{/gist_id}","starred_url":"https://api.github.com/users/HelloMexico/starred{/owner}{/repo}","subscriptions_url":"https://api.github.com/users/HelloMexico/subscriptions","organizations_url":"https://api.github.com/users/HelloMexico/orgs","repos_url":"https://api.github.com/users/HelloMexico/repos","events_url":"https://api.github.com/users/HelloMexico/events{/privacy}","received_events_url":"https://api.github.com/users/HelloMexico/received_events","type":"User","site_admin":false,"name":null,"company":null,"blog":"","location":null,"email":null,"hireable":null,"bio":null,"twitter_username":null,"public_repos":0,"public_gists":0,"followers":0,"following":0,"created_at":"2023-01-31T02:03:32Z","updated_at":"2023-02-28T18:32:41Z","private_gists":0,"total_private_repos":8,"owned_private_repos":8,"disk_usage":159692,"collaborators":1,"two_factor_authentication":false,"plan":{"name":"free","space":976562499,"collaborators":0,"private_repos":10000}}
[info] 
[info] +  Success! Logged into GitHub as HelloMexico 
[info] 
